<?xml version="1.0" encoding="UTF-8"?>
<!-- Generated by org.testng.reporters.JUnitXMLReporter -->
<testsuite ignored="0" hostname="Giri" failures="0" tests="6" name="Sanity tests" time="0.134" errors="0" timestamp="2024-08-25T16:37:51 IST">
  <testcase classname="batchTesting.LoginTest" name="loginByEmail" time="0.014"/>
  <testcase classname="batchTesting.LoginTest" name="loginByFacebook" time="0.004"/>
  <testcase classname="batchTesting.LoginTest" name="loginByX" time="0.005"/>
  <testcase classname="batchTesting.SignUpTest" name="signUpByEmail" time="0.002"/>
  <testcase classname="batchTesting.SignUpTest" name="signUpByFacebook" time="0.007"/>
  <testcase classname="batchTesting.SignUpTest" name="signUpByX" time="0.004"/>
</testsuite> <!-- Sanity tests -->
