<?xml version="1.0" encoding="UTF-8"?>
<!-- Generated by org.testng.reporters.JUnitXMLReporter -->
<testsuite ignored="0" hostname="Giri" failures="0" tests="3" name="Functional tests" time="0.025" errors="0" timestamp="2024-08-25T16:32:59 IST">
  <testcase classname="batchTesting.PaymentsTest" name="paymentInDollars" time="0.002"/>
  <testcase classname="batchTesting.PaymentsTest" name="paymentInRupees" time="0.003"/>
  <testcase classname="batchTesting.PaymentReturns" name="paymentReturnedByBank" time="0.003"/>
</testsuite> <!-- Functional tests -->
